app/build/intermediates/manifest_merge_blame_file/debug/manifest-merger-blame-debug-report.txt
1<?xml version="1.0" encoding="utf-8"?>
2<manifest xmlns:android="http://schemas.android.com/apk/res/android"
3    package="com.example.telas_background"
4    android:versionCode="1"
5    android:versionName="1.0" >
6
7    <uses-sdk
8        android:minSdkVersion="16"
8-->src\main\AndroidManifest.xml
9        android:targetSdkVersion="29" />
9-->src\main\AndroidManifest.xml
10
11    <uses-permission android:name="android.permission.INTERNET" /> <!-- Although the *SdkVersion is captured in gradle build files, this is required for non gradle builds -->
11-->[com.firebase:geofire-android:3.0.0] AndroidManifest.xml:11:5-67
11-->[com.firebase:geofire-android:3.0.0] AndroidManifest.xml:11:22-64
12    <!-- <uses-sdk android:minSdkVersion="14"/> -->
13    <uses-permission android:name="android.permission.ACCESS_NETWORK_STATE" />
13-->[com.google.firebase:firebase-database:17.0.0] AndroidManifest.xml:25:5-79
13-->[com.google.firebase:firebase-database:17.0.0] AndroidManifest.xml:25:22-76
14
15    <application
15-->src\main\AndroidManifest.xml:6:5-34:19
16        android:allowBackup="true"
16-->src\main\AndroidManifest.xml:7:9-35
17        android:appComponentFactory="androidx.core.app.CoreComponentFactory"
17-->[androidx.core:core:1.1.0] AndroidManifest.xml:24:18-86
18        android:debuggable="true"
19        android:icon="@mipmap/ic_launcher"
19-->src\main\AndroidManifest.xml:8:9-43
20        android:label="@string/app_name"
20-->src\main\AndroidManifest.xml:9:9-41
21        android:roundIcon="@mipmap/ic_launcher_round"
21-->src\main\AndroidManifest.xml:10:9-54
22        android:supportsRtl="true"
22-->src\main\AndroidManifest.xml:11:9-35
23        android:theme="@style/AppTheme" >
23-->src\main\AndroidManifest.xml:12:9-40
24        <activity
24-->src\main\AndroidManifest.xml:13:9-14:65
25            android:name="com.example.telas_background.Home"
25-->src\main\AndroidManifest.xml:13:19-39
26            android:screenOrientation="nosensor" />
26-->src\main\AndroidManifest.xml:14:17-53
27        <activity android:name="com.example.telas_background.Comentarios_Posts" />
27-->src\main\AndroidManifest.xml:15:9-55
27-->src\main\AndroidManifest.xml:15:19-52
28        <activity android:name="com.example.telas_background.Perfil" />
28-->src\main\AndroidManifest.xml:16:9-44
28-->src\main\AndroidManifest.xml:16:19-41
29        <activity android:name="com.example.telas_background.Editar_perfil" />
29-->src\main\AndroidManifest.xml:17:9-51
29-->src\main\AndroidManifest.xml:17:19-48
30        <activity android:name="com.example.telas_background.Encontro" />
30-->src\main\AndroidManifest.xml:18:9-46
30-->src\main\AndroidManifest.xml:18:19-43
31        <activity android:name="com.example.telas_background.Friend_Request" />
31-->src\main\AndroidManifest.xml:19:9-52
31-->src\main\AndroidManifest.xml:19:19-49
32        <activity android:name="com.example.telas_background.Chat" />
32-->src\main\AndroidManifest.xml:20:9-42
32-->src\main\AndroidManifest.xml:20:19-39
33        <activity android:name="com.example.telas_background.Conversas" />
33-->src\main\AndroidManifest.xml:21:9-47
33-->src\main\AndroidManifest.xml:21:19-44
34        <activity android:name="com.example.telas_background.Registrar" />
34-->src\main\AndroidManifest.xml:22:9-47
34-->src\main\AndroidManifest.xml:22:19-44
35        <activity android:name="com.example.telas_background.MainActivity" >
35-->src\main\AndroidManifest.xml:23:9-29:20
35-->src\main\AndroidManifest.xml:23:19-47
36            <intent-filter>
36-->src\main\AndroidManifest.xml:24:13-28:29
37                <action android:name="android.intent.action.MAIN" />
37-->src\main\AndroidManifest.xml:25:17-69
37-->src\main\AndroidManifest.xml:25:25-66
38
39                <category android:name="android.intent.category.LAUNCHER" />
39-->src\main\AndroidManifest.xml:27:17-77
39-->src\main\AndroidManifest.xml:27:27-74
40            </intent-filter>
41        </activity>
42
43        <meta-data
43-->src\main\AndroidManifest.xml:31:9-33:57
44            android:name="preloaded_fonts"
44-->src\main\AndroidManifest.xml:32:13-43
45            android:resource="@array/preloaded_fonts" />
45-->src\main\AndroidManifest.xml:33:13-54
46
47        <provider
47-->[com.squareup.picasso:picasso:2.71828] AndroidManifest.xml:8:9-11:40
48            android:name="com.squareup.picasso.PicassoProvider"
48-->[com.squareup.picasso:picasso:2.71828] AndroidManifest.xml:9:13-64
49            android:authorities="com.example.telas_background.com.squareup.picasso"
49-->[com.squareup.picasso:picasso:2.71828] AndroidManifest.xml:10:13-72
50            android:exported="false" />
50-->[com.squareup.picasso:picasso:2.71828] AndroidManifest.xml:11:13-37
51
52        <service android:name="com.google.firebase.components.ComponentDiscoveryService" >
52-->[com.google.firebase:firebase-database:17.0.0] AndroidManifest.xml:29:9-33:19
52-->[com.google.firebase:firebase-database:17.0.0] AndroidManifest.xml:29:18-89
53            <meta-data
53-->[com.google.firebase:firebase-database:17.0.0] AndroidManifest.xml:30:13-32:85
54                android:name="com.google.firebase.components:com.google.firebase.database.DatabaseRegistrar"
54-->[com.google.firebase:firebase-database:17.0.0] AndroidManifest.xml:31:17-109
55                android:value="com.google.firebase.components.ComponentRegistrar" />
55-->[com.google.firebase:firebase-database:17.0.0] AndroidManifest.xml:32:17-82
56        </service>
57
58        <activity
58-->[com.google.android.gms:play-services-base:16.0.1] AndroidManifest.xml:23:9-26:75
59            android:name="com.google.android.gms.common.api.GoogleApiActivity"
59-->[com.google.android.gms:play-services-base:16.0.1] AndroidManifest.xml:24:13-79
60            android:exported="false"
60-->[com.google.android.gms:play-services-base:16.0.1] AndroidManifest.xml:25:13-37
61            android:theme="@android:style/Theme.Translucent.NoTitleBar" />
61-->[com.google.android.gms:play-services-base:16.0.1] AndroidManifest.xml:26:13-72
62
63        <provider
63-->[com.google.firebase:firebase-common:17.0.0] AndroidManifest.xml:12:9-16:39
64            android:name="com.google.firebase.provider.FirebaseInitProvider"
64-->[com.google.firebase:firebase-common:17.0.0] AndroidManifest.xml:13:13-77
65            android:authorities="com.example.telas_background.firebaseinitprovider"
65-->[com.google.firebase:firebase-common:17.0.0] AndroidManifest.xml:14:13-72
66            android:exported="false"
66-->[com.google.firebase:firebase-common:17.0.0] AndroidManifest.xml:15:13-37
67            android:initOrder="100" />
67-->[com.google.firebase:firebase-common:17.0.0] AndroidManifest.xml:16:13-36
68
69        <meta-data
69-->[com.google.android.gms:play-services-basement:16.1.0] AndroidManifest.xml:23:9-25:69
70            android:name="com.google.android.gms.version"
70-->[com.google.android.gms:play-services-basement:16.1.0] AndroidManifest.xml:24:13-58
71            android:value="@integer/google_play_services_version" />
71-->[com.google.android.gms:play-services-basement:16.1.0] AndroidManifest.xml:25:13-66
72    </application>
73
74</manifest>